0 info it worked if it ends with ok
1 verbose cli [ 'node',
1 verbose cli   '/usr/local/bin/npm',
1 verbose cli   'install',
1 verbose cli   '--g',
1 verbose cli   '-save',
1 verbose cli   'httpster' ]
2 info using npm@1.4.28
3 info using node@v0.10.32
4 verbose cache add [ 'httpster', null ]
5 verbose cache add name=undefined spec="httpster" args=["httpster",null]
6 verbose parsed url { protocol: null,
6 verbose parsed url   slashes: null,
6 verbose parsed url   auth: null,
6 verbose parsed url   host: null,
6 verbose parsed url   port: null,
6 verbose parsed url   hostname: null,
6 verbose parsed url   hash: null,
6 verbose parsed url   search: null,
6 verbose parsed url   query: null,
6 verbose parsed url   pathname: 'httpster',
6 verbose parsed url   path: 'httpster',
6 verbose parsed url   href: 'httpster' }
7 silly lockFile 1825d6e9-httpster httpster
8 verbose lock httpster /Users/alanglade/.npm/1825d6e9-httpster.lock
9 silly lockFile 1825d6e9-httpster httpster
10 silly lockFile 1825d6e9-httpster httpster
11 verbose addNamed [ 'httpster', '' ]
12 verbose addNamed [ null, '*' ]
13 silly lockFile a2556c8b-httpster httpster@
14 verbose lock httpster@ /Users/alanglade/.npm/a2556c8b-httpster.lock
15 silly addNameRange { name: 'httpster', range: '*', hasData: false }
16 verbose request where is /httpster
17 verbose request registry https://registry.npmjs.org/
18 verbose request id a7bdc1a03aaa4101
19 verbose url raw /httpster
20 verbose url resolving [ 'https://registry.npmjs.org/', './httpster' ]
21 verbose url resolved https://registry.npmjs.org/httpster
22 verbose request where is https://registry.npmjs.org/httpster
23 info trying registry request attempt 1 at 13:35:23
24 verbose etag "7H4WRCIP0PJ1NEAXLNG7CYC0W"
25 http GET https://registry.npmjs.org/httpster
26 http 200 https://registry.npmjs.org/httpster
27 silly registry.get cb [ 200,
27 silly registry.get   { date: 'Thu, 30 Oct 2014 12:35:23 GMT',
27 silly registry.get     server: 'CouchDB/1.5.0 (Erlang OTP/R16B03)',
27 silly registry.get     etag: '"4ZV1OTEOWHDYPOKJAG1PB5JJM"',
27 silly registry.get     'content-type': 'application/json',
27 silly registry.get     'cache-control': 'max-age=60',
27 silly registry.get     'content-length': '16273',
27 silly registry.get     'accept-ranges': 'bytes',
27 silly registry.get     via: '1.1 varnish',
27 silly registry.get     age: '0',
27 silly registry.get     'x-served-by': 'cache-ams4130-AMS',
27 silly registry.get     'x-cache': 'MISS',
27 silly registry.get     'x-cache-hits': '0',
27 silly registry.get     'x-timer': 'S1414672523.170452,VS0,VE311',
27 silly registry.get     vary: 'Accept',
27 silly registry.get     'keep-alive': 'timeout=10, max=50',
27 silly registry.get     connection: 'Keep-Alive' } ]
28 silly addNameRange number 2 { name: 'httpster', range: '*', hasData: true }
29 silly addNameRange versions [ 'httpster',
29 silly addNameRange   [ '0.1.0',
29 silly addNameRange     '0.2.0',
29 silly addNameRange     '0.2.1',
29 silly addNameRange     '0.3.0',
29 silly addNameRange     '0.3.1',
29 silly addNameRange     '0.3.2',
29 silly addNameRange     '0.4.0',
29 silly addNameRange     '0.5.0',
29 silly addNameRange     '0.5.1',
29 silly addNameRange     '0.5.2',
29 silly addNameRange     '0.6.0',
29 silly addNameRange     '0.7.0',
29 silly addNameRange     '0.9.0',
29 silly addNameRange     '1.0.0' ] ]
30 verbose addNamed [ 'httpster', '1.0.0' ]
31 verbose addNamed [ '1.0.0', '1.0.0' ]
32 silly lockFile 1944c2f2-httpster-1-0-0 httpster@1.0.0
33 verbose lock httpster@1.0.0 /Users/alanglade/.npm/1944c2f2-httpster-1-0-0.lock
34 silly lockFile 934aa57b--org-httpster-httpster-1-0-0-tgz https://registry.npmjs.org/httpster/-/httpster-1.0.0.tgz
35 verbose lock https://registry.npmjs.org/httpster/-/httpster-1.0.0.tgz /Users/alanglade/.npm/934aa57b--org-httpster-httpster-1-0-0-tgz.lock
36 verbose addRemoteTarball [ 'https://registry.npmjs.org/httpster/-/httpster-1.0.0.tgz',
36 verbose addRemoteTarball   'a88555a911b55fd3084507b8af406017bff6ad3a' ]
37 info retry fetch attempt 1 at 13:35:23
38 verbose fetch to= /var/folders/_3/lq9hh5d54yb_5f4m647zytq98ffx62/T/npm-1680-7OamcoL0/registry.npmjs.org/httpster/-/httpster-1.0.0.tgz
39 http GET https://registry.npmjs.org/httpster/-/httpster-1.0.0.tgz
40 http 200 https://registry.npmjs.org/httpster/-/httpster-1.0.0.tgz
41 silly lockFile 934aa57b--org-httpster-httpster-1-0-0-tgz https://registry.npmjs.org/httpster/-/httpster-1.0.0.tgz
42 silly lockFile 934aa57b--org-httpster-httpster-1-0-0-tgz https://registry.npmjs.org/httpster/-/httpster-1.0.0.tgz
43 silly lockFile 1944c2f2-httpster-1-0-0 httpster@1.0.0
44 silly lockFile 1944c2f2-httpster-1-0-0 httpster@1.0.0
45 silly lockFile a2556c8b-httpster httpster@
46 silly lockFile a2556c8b-httpster httpster@
47 error Error: EACCES, mkdir '/Users/alanglade/.npm/httpster/1.0.0'
47 error  { [Error: EACCES, mkdir '/Users/alanglade/.npm/httpster/1.0.0']
47 error   errno: 3,
47 error   code: 'EACCES',
47 error   path: '/Users/alanglade/.npm/httpster/1.0.0' }
48 error Please try running this command again as root/Administrator.
49 error System Darwin 13.4.0
50 error command "node" "/usr/local/bin/npm" "install" "--g" "-save" "httpster"
51 error cwd /Users/alanglade/Documents/Experiments/WordGenerator
52 error node -v v0.10.32
53 error npm -v 1.4.28
54 error path /Users/alanglade/.npm/httpster/1.0.0
55 error code EACCES
56 error errno 3
57 error stack Error: EACCES, mkdir '/Users/alanglade/.npm/httpster/1.0.0'
58 verbose exit [ 3, true ]
